<?xml version="1.0" encoding="UTF-8"?>
<testsuite name="com.example.app.AppApplicationTests" tests="1" skipped="0" failures="0" errors="0" timestamp="2021-05-04T15:59:04" hostname="6d9442db5a03" time="2.514">
  <properties/>
  <testcase name="contextLoads()" classname="com.example.app.AppApplicationTests" time="2.514"/>
  <system-out><![CDATA[15:58:48.060 [Test worker] DEBUG org.springframework.test.context.BootstrapUtils - Instantiating CacheAwareContextLoaderDelegate from class [org.springframework.test.context.cache.DefaultCacheAwareContextLoaderDelegate]
15:58:48.142 [Test worker] DEBUG org.springframework.test.context.BootstrapUtils - Instantiating BootstrapContext using constructor [public org.springframework.test.context.support.DefaultBootstrapContext(java.lang.Class,org.springframework.test.context.CacheAwareContextLoaderDelegate)]
15:58:48.319 [Test worker] DEBUG org.springframework.test.context.BootstrapUtils - Instantiating TestContextBootstrapper for test class [com.example.app.AppApplicationTests] from class [org.springframework.boot.test.context.SpringBootTestContextBootstrapper]
15:58:48.396 [Test worker] INFO org.springframework.boot.test.context.SpringBootTestContextBootstrapper - Neither @ContextConfiguration nor @ContextHierarchy found for test class [com.example.app.AppApplicationTests], using SpringBootContextLoader
15:58:48.423 [Test worker] DEBUG org.springframework.test.context.support.AbstractContextLoader - Did not detect default resource location for test class [com.example.app.AppApplicationTests]: class path resource [com/example/app/AppApplicationTests-context.xml] does not exist
15:58:48.428 [Test worker] DEBUG org.springframework.test.context.support.AbstractContextLoader - Did not detect default resource location for test class [com.example.app.AppApplicationTests]: class path resource [com/example/app/AppApplicationTestsContext.groovy] does not exist
15:58:48.429 [Test worker] INFO org.springframework.test.context.support.AbstractContextLoader - Could not detect default resource locations for test class [com.example.app.AppApplicationTests]: no resource found for suffixes {-context.xml, Context.groovy}.
15:58:48.433 [Test worker] INFO org.springframework.test.context.support.AnnotationConfigContextLoaderUtils - Could not detect default configuration classes for test class [com.example.app.AppApplicationTests]: AppApplicationTests does not declare any static, non-private, non-final, nested classes annotated with @Configuration.
15:58:48.667 [Test worker] DEBUG org.springframework.test.context.support.ActiveProfilesUtils - Could not find an 'annotation declaring class' for annotation type [org.springframework.test.context.ActiveProfiles] and class [com.example.app.AppApplicationTests]
15:58:48.972 [Test worker] DEBUG org.springframework.context.annotation.ClassPathScanningCandidateComponentProvider - Identified candidate component class: file [/srv/build/classes/java/main/com/example/app/AppApplication.class]
15:58:48.975 [Test worker] INFO org.springframework.boot.test.context.SpringBootTestContextBootstrapper - Found @SpringBootConfiguration com.example.app.AppApplication for test class com.example.app.AppApplicationTests
15:58:49.789 [Test worker] DEBUG org.springframework.boot.test.context.SpringBootTestContextBootstrapper - @TestExecutionListeners is not present for class [com.example.app.AppApplicationTests]: using defaults.
15:58:49.794 [Test worker] INFO org.springframework.boot.test.context.SpringBootTestContextBootstrapper - Loaded default TestExecutionListener class names from location [META-INF/spring.factories]: [org.springframework.boot.test.autoconfigure.restdocs.RestDocsTestExecutionListener, org.springframework.boot.test.autoconfigure.web.client.MockRestServiceServerResetTestExecutionListener, org.springframework.boot.test.autoconfigure.web.servlet.MockMvcPrintOnlyOnFailureTestExecutionListener, org.springframework.boot.test.autoconfigure.web.servlet.WebDriverTestExecutionListener, org.springframework.boot.test.autoconfigure.webservices.client.MockWebServiceServerTestExecutionListener, org.springframework.boot.test.mock.mockito.MockitoTestExecutionListener, org.springframework.boot.test.mock.mockito.ResetMocksTestExecutionListener, org.springframework.test.context.web.ServletTestExecutionListener, org.springframework.test.context.support.DirtiesContextBeforeModesTestExecutionListener, org.springframework.test.context.event.ApplicationEventsTestExecutionListener, org.springframework.test.context.support.DependencyInjectionTestExecutionListener, org.springframework.test.context.support.DirtiesContextTestExecutionListener, org.springframework.test.context.transaction.TransactionalTestExecutionListener, org.springframework.test.context.jdbc.SqlScriptsTestExecutionListener, org.springframework.test.context.event.EventPublishingTestExecutionListener]
15:58:49.928 [Test worker] INFO org.springframework.boot.test.context.SpringBootTestContextBootstrapper - Using TestExecutionListeners: [org.springframework.test.context.web.ServletTestExecutionListener@760076ef, org.springframework.test.context.support.DirtiesContextBeforeModesTestExecutionListener@ac0d18, org.springframework.test.context.event.ApplicationEventsTestExecutionListener@16868059, org.springframework.boot.test.mock.mockito.MockitoTestExecutionListener@d20e348, org.springframework.boot.test.autoconfigure.SpringBootDependencyInjectionTestExecutionListener@78e24b0d, org.springframework.test.context.support.DirtiesContextTestExecutionListener@18c65dc4, org.springframework.test.context.transaction.TransactionalTestExecutionListener@3ae092cd, org.springframework.test.context.jdbc.SqlScriptsTestExecutionListener@30501c7a, org.springframework.test.context.event.EventPublishingTestExecutionListener@5a00835e, org.springframework.boot.test.autoconfigure.restdocs.RestDocsTestExecutionListener@7002cda7, org.springframework.boot.test.autoconfigure.web.client.MockRestServiceServerResetTestExecutionListener@4eca5f90, org.springframework.boot.test.autoconfigure.web.servlet.MockMvcPrintOnlyOnFailureTestExecutionListener@7ec929ff, org.springframework.boot.test.autoconfigure.web.servlet.WebDriverTestExecutionListener@200d5f0b, org.springframework.boot.test.autoconfigure.webservices.client.MockWebServiceServerTestExecutionListener@4684c158, org.springframework.boot.test.mock.mockito.ResetMocksTestExecutionListener@5aae30c7]
15:58:49.953 [Test worker] DEBUG org.springframework.test.context.support.AbstractDirtiesContextTestExecutionListener - Before test class: context [DefaultTestContext@60782fbc testClass = AppApplicationTests, testInstance = [null], testMethod = [null], testException = [null], mergedContextConfiguration = [WebMergedContextConfiguration@2bc63d9e testClass = AppApplicationTests, locations = '{}', classes = '{class com.example.app.AppApplication}', contextInitializerClasses = '[]', activeProfiles = '{}', propertySourceLocations = '{}', propertySourceProperties = '{org.springframework.boot.test.context.SpringBootTestContextBootstrapper=true}', contextCustomizers = set[org.springframework.boot.test.autoconfigure.actuate.metrics.MetricsExportContextCustomizerFactory$DisableMetricExportContextCustomizer@13d35717, org.springframework.boot.test.autoconfigure.properties.PropertyMappingContextCustomizer@0, org.springframework.boot.test.autoconfigure.web.servlet.WebDriverContextCustomizerFactory$Customizer@4f61c04a, org.springframework.boot.test.context.filter.ExcludeFilterContextCustomizer@39af5b26, org.springframework.boot.test.json.DuplicateJsonObjectContextCustomizerFactory$DuplicateJsonObjectContextCustomizer@399f62a9, org.springframework.boot.test.mock.mockito.MockitoContextCustomizer@0, org.springframework.boot.test.web.client.TestRestTemplateContextCustomizer@acdb1a3, org.springframework.boot.test.context.SpringBootTestArgs@1, org.springframework.boot.test.context.SpringBootTestWebEnvironment@5ba53840], resourceBasePath = 'src/main/webapp', contextLoader = 'org.springframework.boot.test.context.SpringBootContextLoader', parent = [null]], attributes = map['org.springframework.test.context.web.ServletTestExecutionListener.activateListener' -> true]], class annotated with @DirtiesContext [false] with mode [null].
15:58:50.172 [Test worker] DEBUG org.springframework.test.context.support.TestPropertySourceUtils - Adding inlined properties to environment: {spring.jmx.enabled=false, org.springframework.boot.test.context.SpringBootTestContextBootstrapper=true}

  .   ____          _            __ _ _
 /\\ / ___'_ __ _ _(_)_ __  __ _ \ \ \ \
( ( )\___ | '_ | '_| | '_ \/ _` | \ \ \ \
 \\/  ___)| |_)| | | | | || (_| |  ) ) ) )
  '  |____| .__|_| |_|_| |_\__, | / / / /
 =========|_|==============|___/=/_/_/_/
 :: Spring Boot ::                (v2.4.5)

2021-05-04 15:58:51.701  INFO 201 --- [    Test worker] com.example.app.AppApplicationTests      : Starting AppApplicationTests using Java 15.0.2 on 6d9442db5a03 with PID 201 (started by root in /srv)
2021-05-04 15:58:51.714  INFO 201 --- [    Test worker] com.example.app.AppApplicationTests      : No active profile set, falling back to default profiles: default
2021-05-04 15:58:55.307  INFO 201 --- [    Test worker] .s.d.r.c.RepositoryConfigurationDelegate : Bootstrapping Spring Data JDBC repositories in DEFAULT mode.
2021-05-04 15:58:55.357  INFO 201 --- [    Test worker] .s.d.r.c.RepositoryConfigurationDelegate : Finished Spring Data repository scanning in 31 ms. Found 0 JDBC repository interfaces.
2021-05-04 15:58:59.886  INFO 201 --- [    Test worker] o.s.s.concurrent.ThreadPoolTaskExecutor  : Initializing ExecutorService 'applicationTaskExecutor'
2021-05-04 15:59:00.608  INFO 201 --- [    Test worker] o.s.b.a.w.s.WelcomePageHandlerMapping    : Adding welcome page template: index
2021-05-04 15:59:03.000  INFO 201 --- [    Test worker] com.zaxxer.hikari.HikariDataSource       : HikariPool-1 - Starting...
2021-05-04 15:59:03.484  INFO 201 --- [    Test worker] com.zaxxer.hikari.HikariDataSource       : HikariPool-1 - Start completed.
2021-05-04 15:59:04.148  INFO 201 --- [    Test worker] com.example.app.AppApplicationTests      : Started AppApplicationTests in 13.976 seconds (JVM running for 18.413)
]]></system-out>
  <system-err><![CDATA[]]></system-err>
</testsuite>
