<?xml version="1.0" encoding="UTF-8"?>
<testsuite name="com.example.app.AppApplicationTests" tests="1" skipped="0" failures="0" errors="0" timestamp="2021-05-09T07:25:36" hostname="ae30a09e539a" time="3.785">
  <properties/>
  <testcase name="contextLoads()" classname="com.example.app.AppApplicationTests" time="3.785"/>
  <system-out><![CDATA[07:25:20.685 [Test worker] DEBUG org.springframework.test.context.BootstrapUtils - Instantiating CacheAwareContextLoaderDelegate from class [org.springframework.test.context.cache.DefaultCacheAwareContextLoaderDelegate]
07:25:20.768 [Test worker] DEBUG org.springframework.test.context.BootstrapUtils - Instantiating BootstrapContext using constructor [public org.springframework.test.context.support.DefaultBootstrapContext(java.lang.Class,org.springframework.test.context.CacheAwareContextLoaderDelegate)]
07:25:20.938 [Test worker] DEBUG org.springframework.test.context.BootstrapUtils - Instantiating TestContextBootstrapper for test class [com.example.app.AppApplicationTests] from class [org.springframework.boot.test.context.SpringBootTestContextBootstrapper]
07:25:21.017 [Test worker] INFO org.springframework.boot.test.context.SpringBootTestContextBootstrapper - Neither @ContextConfiguration nor @ContextHierarchy found for test class [com.example.app.AppApplicationTests], using SpringBootContextLoader
07:25:21.043 [Test worker] DEBUG org.springframework.test.context.support.AbstractContextLoader - Did not detect default resource location for test class [com.example.app.AppApplicationTests]: class path resource [com/example/app/AppApplicationTests-context.xml] does not exist
07:25:21.046 [Test worker] DEBUG org.springframework.test.context.support.AbstractContextLoader - Did not detect default resource location for test class [com.example.app.AppApplicationTests]: class path resource [com/example/app/AppApplicationTestsContext.groovy] does not exist
07:25:21.047 [Test worker] INFO org.springframework.test.context.support.AbstractContextLoader - Could not detect default resource locations for test class [com.example.app.AppApplicationTests]: no resource found for suffixes {-context.xml, Context.groovy}.
07:25:21.050 [Test worker] INFO org.springframework.test.context.support.AnnotationConfigContextLoaderUtils - Could not detect default configuration classes for test class [com.example.app.AppApplicationTests]: AppApplicationTests does not declare any static, non-private, non-final, nested classes annotated with @Configuration.
07:25:21.258 [Test worker] DEBUG org.springframework.test.context.support.ActiveProfilesUtils - Could not find an 'annotation declaring class' for annotation type [org.springframework.test.context.ActiveProfiles] and class [com.example.app.AppApplicationTests]
07:25:21.589 [Test worker] DEBUG org.springframework.context.annotation.ClassPathScanningCandidateComponentProvider - Identified candidate component class: file [/srv/build/classes/java/main/com/example/app/AppApplication.class]
07:25:21.593 [Test worker] INFO org.springframework.boot.test.context.SpringBootTestContextBootstrapper - Found @SpringBootConfiguration com.example.app.AppApplication for test class com.example.app.AppApplicationTests
07:25:22.282 [Test worker] DEBUG org.springframework.boot.test.context.SpringBootTestContextBootstrapper - @TestExecutionListeners is not present for class [com.example.app.AppApplicationTests]: using defaults.
07:25:22.287 [Test worker] INFO org.springframework.boot.test.context.SpringBootTestContextBootstrapper - Loaded default TestExecutionListener class names from location [META-INF/spring.factories]: [org.springframework.boot.test.autoconfigure.restdocs.RestDocsTestExecutionListener, org.springframework.boot.test.autoconfigure.web.client.MockRestServiceServerResetTestExecutionListener, org.springframework.boot.test.autoconfigure.web.servlet.MockMvcPrintOnlyOnFailureTestExecutionListener, org.springframework.boot.test.autoconfigure.web.servlet.WebDriverTestExecutionListener, org.springframework.boot.test.autoconfigure.webservices.client.MockWebServiceServerTestExecutionListener, org.springframework.boot.test.mock.mockito.MockitoTestExecutionListener, org.springframework.boot.test.mock.mockito.ResetMocksTestExecutionListener, org.springframework.test.context.web.ServletTestExecutionListener, org.springframework.test.context.support.DirtiesContextBeforeModesTestExecutionListener, org.springframework.test.context.event.ApplicationEventsTestExecutionListener, org.springframework.test.context.support.DependencyInjectionTestExecutionListener, org.springframework.test.context.support.DirtiesContextTestExecutionListener, org.springframework.test.context.transaction.TransactionalTestExecutionListener, org.springframework.test.context.jdbc.SqlScriptsTestExecutionListener, org.springframework.test.context.event.EventPublishingTestExecutionListener]
07:25:22.416 [Test worker] INFO org.springframework.boot.test.context.SpringBootTestContextBootstrapper - Using TestExecutionListeners: [org.springframework.test.context.web.ServletTestExecutionListener@22db6808, org.springframework.test.context.support.DirtiesContextBeforeModesTestExecutionListener@3e518421, org.springframework.test.context.event.ApplicationEventsTestExecutionListener@4ae8d57e, org.springframework.boot.test.mock.mockito.MockitoTestExecutionListener@51640caf, org.springframework.boot.test.autoconfigure.SpringBootDependencyInjectionTestExecutionListener@2886b5a3, org.springframework.test.context.support.DirtiesContextTestExecutionListener@1ac44c1e, org.springframework.test.context.transaction.TransactionalTestExecutionListener@168b291d, org.springframework.test.context.jdbc.SqlScriptsTestExecutionListener@67fb5e17, org.springframework.test.context.event.EventPublishingTestExecutionListener@7acdd4e6, org.springframework.boot.test.autoconfigure.restdocs.RestDocsTestExecutionListener@4251c31d, org.springframework.boot.test.autoconfigure.web.client.MockRestServiceServerResetTestExecutionListener@dddc98b, org.springframework.boot.test.autoconfigure.web.servlet.MockMvcPrintOnlyOnFailureTestExecutionListener@306b25c1, org.springframework.boot.test.autoconfigure.web.servlet.WebDriverTestExecutionListener@2415bdce, org.springframework.boot.test.autoconfigure.webservices.client.MockWebServiceServerTestExecutionListener@6890cb7a, org.springframework.boot.test.mock.mockito.ResetMocksTestExecutionListener@be2c672]
07:25:22.440 [Test worker] DEBUG org.springframework.test.context.support.AbstractDirtiesContextTestExecutionListener - Before test class: context [DefaultTestContext@294a882 testClass = AppApplicationTests, testInstance = [null], testMethod = [null], testException = [null], mergedContextConfiguration = [WebMergedContextConfiguration@2566dfdc testClass = AppApplicationTests, locations = '{}', classes = '{class com.example.app.AppApplication}', contextInitializerClasses = '[]', activeProfiles = '{}', propertySourceLocations = '{}', propertySourceProperties = '{org.springframework.boot.test.context.SpringBootTestContextBootstrapper=true}', contextCustomizers = set[org.springframework.boot.test.autoconfigure.actuate.metrics.MetricsExportContextCustomizerFactory$DisableMetricExportContextCustomizer@10fac9bf, org.springframework.boot.test.autoconfigure.properties.PropertyMappingContextCustomizer@0, org.springframework.boot.test.autoconfigure.web.servlet.WebDriverContextCustomizerFactory$Customizer@65596f48, org.springframework.boot.test.context.filter.ExcludeFilterContextCustomizer@3c38ebbe, org.springframework.boot.test.json.DuplicateJsonObjectContextCustomizerFactory$DuplicateJsonObjectContextCustomizer@3665dcd4, org.springframework.boot.test.mock.mockito.MockitoContextCustomizer@0, org.springframework.boot.test.web.client.TestRestTemplateContextCustomizer@7105c4a1, org.springframework.boot.test.context.SpringBootTestArgs@1, org.springframework.boot.test.context.SpringBootTestWebEnvironment@43c89350], resourceBasePath = 'src/main/webapp', contextLoader = 'org.springframework.boot.test.context.SpringBootContextLoader', parent = [null]], attributes = map['org.springframework.test.context.web.ServletTestExecutionListener.activateListener' -> true]], class annotated with @DirtiesContext [false] with mode [null].
07:25:22.645 [Test worker] DEBUG org.springframework.test.context.support.TestPropertySourceUtils - Adding inlined properties to environment: {spring.jmx.enabled=false, org.springframework.boot.test.context.SpringBootTestContextBootstrapper=true}

  .   ____          _            __ _ _
 /\\ / ___'_ __ _ _(_)_ __  __ _ \ \ \ \
( ( )\___ | '_ | '_| | '_ \/ _` | \ \ \ \
 \\/  ___)| |_)| | | | | || (_| |  ) ) ) )
  '  |____| .__|_| |_|_| |_\__, | / / / /
 =========|_|==============|___/=/_/_/_/
 :: Spring Boot ::                (v2.4.5)

2021-05-09 07:25:24.188  INFO 829 --- [    Test worker] com.example.app.AppApplicationTests      : Starting AppApplicationTests using Java 15.0.2 on ae30a09e539a with PID 829 (started by root in /srv)
2021-05-09 07:25:24.194  INFO 829 --- [    Test worker] com.example.app.AppApplicationTests      : No active profile set, falling back to default profiles: default
2021-05-09 07:25:27.671  INFO 829 --- [    Test worker] .s.d.r.c.RepositoryConfigurationDelegate : Bootstrapping Spring Data JDBC repositories in DEFAULT mode.
2021-05-09 07:25:27.724  INFO 829 --- [    Test worker] .s.d.r.c.RepositoryConfigurationDelegate : Finished Spring Data repository scanning in 31 ms. Found 0 JDBC repository interfaces.
2021-05-09 07:25:32.476  INFO 829 --- [    Test worker] o.s.s.concurrent.ThreadPoolTaskExecutor  : Initializing ExecutorService 'applicationTaskExecutor'
2021-05-09 07:25:33.203  INFO 829 --- [    Test worker] o.s.b.a.w.s.WelcomePageHandlerMapping    : Adding welcome page template: index
2021-05-09 07:25:35.106  INFO 829 --- [    Test worker] com.zaxxer.hikari.HikariDataSource       : HikariPool-1 - Starting...
2021-05-09 07:25:35.565  INFO 829 --- [    Test worker] com.zaxxer.hikari.HikariDataSource       : HikariPool-1 - Start completed.
2021-05-09 07:25:36.249  INFO 829 --- [    Test worker] com.example.app.AppApplicationTests      : Started AppApplicationTests in 13.57 seconds (JVM running for 17.777)
]]></system-out>
  <system-err><![CDATA[]]></system-err>
</testsuite>
